Grammaire

    0 $accept: programme $end

    1 programme: expression '.'
    2          | %empty

    3 expression: ENTIER
    4           | '-' expression
    5           | expression '+' expression
    6           | expression '-' expression
    7           | expression '*' expression
    8           | expression '/' expression


Terminaux, suivis des règles où ils apparaissent

$end (0) 0
'*' (42) 7
'+' (43) 5
'-' (45) 4 6
'.' (46) 1
'/' (47) 8
error (256)
ENTIER (258) 3


Non-terminaux, suivis des règles où ils apparaissent

$accept (9)
    à gauche: 0
programme (10)
    à gauche: 1 2, à droite: 0
expression (11)
    à gauche: 3 4 5 6 7 8, à droite: 1 4 5 6 7 8


État 0

    0 $accept: . programme $end

    ENTIER  décalage et aller à l'état 1
    '-'     décalage et aller à l'état 2

    $défaut  réduction par utilisation de la règle 2 (programme)

    programme   aller à l'état 3
    expression  aller à l'état 4


État 1

    3 expression: ENTIER .

    $défaut  réduction par utilisation de la règle 3 (expression)


État 2

    4 expression: '-' . expression

    ENTIER  décalage et aller à l'état 1
    '-'     décalage et aller à l'état 2

    expression  aller à l'état 5


État 3

    0 $accept: programme . $end

    $end  décalage et aller à l'état 6


État 4

    1 programme: expression . '.'
    5 expression: expression . '+' expression
    6           | expression . '-' expression
    7           | expression . '*' expression
    8           | expression . '/' expression

    '+'  décalage et aller à l'état 7
    '-'  décalage et aller à l'état 8
    '/'  décalage et aller à l'état 9
    '*'  décalage et aller à l'état 10
    '.'  décalage et aller à l'état 11


État 5

    4 expression: '-' expression .
    5           | expression . '+' expression
    6           | expression . '-' expression
    7           | expression . '*' expression
    8           | expression . '/' expression

    '/'  décalage et aller à l'état 9
    '*'  décalage et aller à l'état 10

    $défaut  réduction par utilisation de la règle 4 (expression)


État 6

    0 $accept: programme $end .

    $défaut  accepter


État 7

    5 expression: expression '+' . expression

    ENTIER  décalage et aller à l'état 1
    '-'     décalage et aller à l'état 2

    expression  aller à l'état 12


État 8

    6 expression: expression '-' . expression

    ENTIER  décalage et aller à l'état 1
    '-'     décalage et aller à l'état 2

    expression  aller à l'état 13


État 9

    8 expression: expression '/' . expression

    ENTIER  décalage et aller à l'état 1
    '-'     décalage et aller à l'état 2

    expression  aller à l'état 14


État 10

    7 expression: expression '*' . expression

    ENTIER  décalage et aller à l'état 1
    '-'     décalage et aller à l'état 2

    expression  aller à l'état 15


État 11

    1 programme: expression '.' .

    $défaut  réduction par utilisation de la règle 1 (programme)


État 12

    5 expression: expression . '+' expression
    5           | expression '+' expression .
    6           | expression . '-' expression
    7           | expression . '*' expression
    8           | expression . '/' expression

    '-'  décalage et aller à l'état 8
    '/'  décalage et aller à l'état 9
    '*'  décalage et aller à l'état 10

    $défaut  réduction par utilisation de la règle 5 (expression)


État 13

    5 expression: expression . '+' expression
    6           | expression . '-' expression
    6           | expression '-' expression .
    7           | expression . '*' expression
    8           | expression . '/' expression

    '/'  décalage et aller à l'état 9
    '*'  décalage et aller à l'état 10

    $défaut  réduction par utilisation de la règle 6 (expression)


État 14

    5 expression: expression . '+' expression
    6           | expression . '-' expression
    7           | expression . '*' expression
    8           | expression . '/' expression
    8           | expression '/' expression .

    '*'  décalage et aller à l'état 10

    $défaut  réduction par utilisation de la règle 8 (expression)


État 15

    5 expression: expression . '+' expression
    6           | expression . '-' expression
    7           | expression . '*' expression
    7           | expression '*' expression .
    8           | expression . '/' expression

    $défaut  réduction par utilisation de la règle 7 (expression)
